<?xml version="1.0" encoding="UTF-8"?>
<!-- Generated by org.testng.reporters.JUnitReportReporter -->
<testsuite hostname="NWCHNLAP003" failures="0" tests="1" name="p02_submit_claims.TFutureDateValidate" time="28.790" errors="1" timestamp="2022-08-08T18:27:10 IST" skipped="0">
  <testcase classname="p02_submit_claims.TFutureDateValidate" name="pastDateValidate" time="28.790">
    <error message="element click intercepted: Element &lt;input _ngcontent-djt-c151=&quot;&quot; name=&quot;claimDate&quot; type=&quot;text&quot; id=&quot;claim_raise_claimDate&quot; style=&quot;cursor: pointer; border: none; height: 33px; text-align: center; font-size: 14px; margin-top: 0px !important; box-shadow: white 0px 0px 0px 0px !important;&quot; placeholder=&quot;DD MMM YYYY &quot; readonly=&quot;&quot; class=&quot;ng-untouched ng-pristine ng-valid&quot; aria-haspopup=&quot;true&quot; min=&quot;2022-01-01T00:00:00+05:30&quot; max=&quot;2022-08-08T18:27:07+05:30&quot;&gt; is not clickable at point (475, 194). Other element would receive the click: &lt;div _ngcontent-djt-c151=&quot;&quot; class=&quot;valign-wrapper claims_loader_styles&quot;&gt;...&lt;/div&gt;
  (Session info: chrome=103.0.5060.134)
Build info: version: &#039;4.3.0&#039;, revision: &#039;a4995e2c09*&#039;
System info: host: &#039;NWCHNLAP003&#039;, ip: &#039;192.168.51.142&#039;, os.name: &#039;Windows 10&#039;, os.arch: &#039;amd64&#039;, os.version: &#039;10.0&#039;, java.version: &#039;18.0.1.1&#039;
Driver info: org.openqa.selenium.chrome.ChromeDriver
Command: [c9a78a3daea1d7fab4b1af95f78a31f6, clickElement {id=e5cbc318-a1d6-4c41-bc4b-ed87b31c2e83}]
Capabilities {acceptInsecureCerts: false, browserName: chrome, browserVersion: 103.0.5060.134, chrome: {chromedriverVersion: 103.0.5060.134 (8ec6fce403b..., userDataDir: C:\Users\ET1198\AppData\Loc...}, goog:chromeOptions: {debuggerAddress: localhost:53419}, networkConnectionEnabled: false, pageLoadStrategy: normal, platformName: WINDOWS, proxy: Proxy(), se:cdp: ws://localhost:53419/devtoo..., se:cdpVersion: 103.0.5060.134, setWindowRect: true, strictFileInteractability: false, timeouts: {implicit: 0, pageLoad: 300000, script: 30000}, unhandledPromptBehavior: dismiss and notify, webauthn:extension:credBlob: true, webauthn:extension:largeBlob: true, webauthn:virtualAuthenticators: true}
Element: [[ChromeDriver: chrome on WINDOWS (c9a78a3daea1d7fab4b1af95f78a31f6)] -&gt; xpath: //input[@id=&#039;claim_raise_claimDate&#039;]]
Session ID: c9a78a3daea1d7fab4b1af95f78a31f6" type="org.openqa.selenium.ElementClickInterceptedException">
      <![CDATA[org.openqa.selenium.ElementClickInterceptedException: element click intercepted: Element <input _ngcontent-djt-c151="" name="claimDate" type="text" id="claim_raise_claimDate" style="cursor: pointer; border: none; height: 33px; text-align: center; font-size: 14px; margin-top: 0px !important; box-shadow: white 0px 0px 0px 0px !important;" placeholder="DD MMM YYYY " readonly="" class="ng-untouched ng-pristine ng-valid" aria-haspopup="true" min="2022-01-01T00:00:00+05:30" max="2022-08-08T18:27:07+05:30"> is not clickable at point (475, 194). Other element would receive the click: <div _ngcontent-djt-c151="" class="valign-wrapper claims_loader_styles">...</div>
  (Session info: chrome=103.0.5060.134)
Build info: version: '4.3.0', revision: 'a4995e2c09*'
System info: host: 'NWCHNLAP003', ip: '192.168.51.142', os.name: 'Windows 10', os.arch: 'amd64', os.version: '10.0', java.version: '18.0.1.1'
Driver info: org.openqa.selenium.chrome.ChromeDriver
Command: [c9a78a3daea1d7fab4b1af95f78a31f6, clickElement {id=e5cbc318-a1d6-4c41-bc4b-ed87b31c2e83}]
Capabilities {acceptInsecureCerts: false, browserName: chrome, browserVersion: 103.0.5060.134, chrome: {chromedriverVersion: 103.0.5060.134 (8ec6fce403b..., userDataDir: C:\Users\ET1198\AppData\Loc...}, goog:chromeOptions: {debuggerAddress: localhost:53419}, networkConnectionEnabled: false, pageLoadStrategy: normal, platformName: WINDOWS, proxy: Proxy(), se:cdp: ws://localhost:53419/devtoo..., se:cdpVersion: 103.0.5060.134, setWindowRect: true, strictFileInteractability: false, timeouts: {implicit: 0, pageLoad: 300000, script: 30000}, unhandledPromptBehavior: dismiss and notify, webauthn:extension:credBlob: true, webauthn:extension:largeBlob: true, webauthn:virtualAuthenticators: true}
Element: [[ChromeDriver: chrome on WINDOWS (c9a78a3daea1d7fab4b1af95f78a31f6)] -> xpath: //input[@id='claim_raise_claimDate']]
Session ID: c9a78a3daea1d7fab4b1af95f78a31f6
at java.base/jdk.internal.reflect.DirectConstructorHandleAccessor.newInstance(DirectConstructorHandleAccessor.java:67)
at java.base/java.lang.reflect.Constructor.newInstanceWithCaller(Constructor.java:499)
at java.base/java.lang.reflect.Constructor.newInstance(Constructor.java:483)
at org.openqa.selenium.remote.codec.w3c.W3CHttpResponseCodec.createException(W3CHttpResponseCodec.java:200)
at org.openqa.selenium.remote.codec.w3c.W3CHttpResponseCodec.decode(W3CHttpResponseCodec.java:133)
at org.openqa.selenium.remote.codec.w3c.W3CHttpResponseCodec.decode(W3CHttpResponseCodec.java:53)
at org.openqa.selenium.remote.HttpCommandExecutor.execute(HttpCommandExecutor.java:184)
at org.openqa.selenium.remote.service.DriverCommandExecutor.invokeExecute(DriverCommandExecutor.java:167)
at org.openqa.selenium.remote.service.DriverCommandExecutor.execute(DriverCommandExecutor.java:142)
at org.openqa.selenium.remote.RemoteWebDriver.execute(RemoteWebDriver.java:569)
at org.openqa.selenium.remote.RemoteWebElement.execute(RemoteWebElement.java:257)
at org.openqa.selenium.remote.RemoteWebElement.click(RemoteWebElement.java:78)
at page_object.SubmitClaimsPageObject.FutureDateValidate(SubmitClaimsPageObject.java:88)
at p02_submit_claims.TFutureDateValidate.pastDateValidate(TFutureDateValidate.java:18)
at java.base/jdk.internal.reflect.DirectMethodHandleAccessor.invoke(DirectMethodHandleAccessor.java:104)
at java.base/java.lang.reflect.Method.invoke(Method.java:577)
at org.testng.internal.MethodInvocationHelper.invokeMethod(MethodInvocationHelper.java:133)
at org.testng.internal.TestInvoker.invokeMethod(TestInvoker.java:598)
at org.testng.internal.TestInvoker.invokeTestMethod(TestInvoker.java:173)
at org.testng.internal.MethodRunner.runInSequence(MethodRunner.java:46)
at org.testng.internal.TestInvoker$MethodInvocationAgent.invoke(TestInvoker.java:824)
at org.testng.internal.TestInvoker.invokeTestMethods(TestInvoker.java:146)
at org.testng.internal.TestMethodWorker.invokeTestMethods(TestMethodWorker.java:146)
at org.testng.internal.TestMethodWorker.run(TestMethodWorker.java:128)
at java.base/java.util.ArrayList.forEach(ArrayList.java:1511)
at org.testng.TestRunner.privateRun(TestRunner.java:794)
at org.testng.TestRunner.run(TestRunner.java:596)
at org.testng.SuiteRunner.runTest(SuiteRunner.java:377)
at org.testng.SuiteRunner.runSequentially(SuiteRunner.java:371)
at org.testng.SuiteRunner.privateRun(SuiteRunner.java:332)
at org.testng.SuiteRunner.run(SuiteRunner.java:276)
at org.testng.SuiteRunnerWorker.runSuite(SuiteRunnerWorker.java:53)
at org.testng.SuiteRunnerWorker.run(SuiteRunnerWorker.java:96)
at org.testng.TestNG.runSuitesSequentially(TestNG.java:1212)
at org.testng.TestNG.runSuitesLocally(TestNG.java:1134)
at org.testng.TestNG.runSuites(TestNG.java:1063)
at org.testng.TestNG.run(TestNG.java:1031)
at org.testng.remote.AbstractRemoteTestNG.run(AbstractRemoteTestNG.java:115)
at org.testng.remote.RemoteTestNG.initAndRun(RemoteTestNG.java:251)
at org.testng.remote.RemoteTestNG.main(RemoteTestNG.java:77)
]]>
    </error>
  </testcase> <!-- pastDateValidate -->
  <system-out/>
</testsuite> <!-- p02_submit_claims.TFutureDateValidate -->
